<?xml version="1.0" encoding="UTF-8"?>
<!-- Generated by org.testng.reporters.JUnitReportReporter -->
<testsuite hostname="SanPC" failures="0" tests="1" name="testJenkins.LoginOrangeHRM" time="6.152" errors="0" timestamp="2024-03-01T07:50:06 IST" skipped="0">
  <testcase classname="testJenkins.LoginOrangeHRM" name="loginOrange" time="6.152"/>
</testsuite> <!-- testJenkins.LoginOrangeHRM -->
